2019-07-10 17:17:33.271 (0x7ffdbefb67e0) Debug: New PolkitAgentListener  0x561c3d5a7d80
2019-07-10 17:17:33.272 (0x7ffdbefb67e0) Debug: Adding new listener  PolkitQt1::Agent::Listener(0x7ffdbefb67f0) for  0x561c3d5a7d80
2019-07-10 17:17:33.451 (0x7ffdb4c738b0) Debug: ()
2019-07-10 17:17:33.822 (0x7ffdb4c738b0) Warning: "Cannot load library /usr/lib/lxqt-panel/libvolume.so: (libpulse.so.0: cannot open shared object file: No such file or directory)"
2019-07-10 17:17:33.892 (0x7ffdb4c738b0) Debug: WinIdChange 1600008 handle QWidgetWindow(0x55c45e10e710, name="LXQtPanel panel1Window") QScreen(0x55c45dfe5f00, name="LVDS1")
2019-07-10 17:17:33.909 (0x7ffdb4c738b0) Debug: Systray started
2019-07-10 17:17:33.909 (0x7ffdb4c738b0) Warning: QDBusConnection: name 'org.freedesktop.UDisks2' had owner '' but we thought it was ':1.99'
2019-07-10 17:17:34.095 (0x7fff2aa78e10) Debug: BatteryChanged discharging: false chargeLevel: 100 actionTime: QTime(Invalid)
2019-07-10 17:17:34.108 (0x7fff2aa78e10) Debug: Inhibit got: 27
2019-07-10 17:17:34.268 (0x7fff2aa78e10) Debug: Starting idlenesswatcher
2019-07-10 17:17:40.878 (0x7ffdb4c738b0) Warning: QXcbConnection: XCB error: 3 (BadWindow), sequence: 1351, resource id: 31457286, major code: 18 (ChangeProperty), minor code: 0
2019-07-10 17:18:37.042 (0x7ffdb4c738b0) Warning: QXcbConnection: XCB error: 3 (BadWindow), sequence: 4257, resource id: 10485870, major code: 18 (ChangeProperty), minor code: 0
2019-07-10 17:24:31.490 (0x7ffdb4c738b0) Warning: QXcbConnection: XCB error: 3 (BadWindow), sequence: 16730, resource id: 31457287, major code: 18 (ChangeProperty), minor code: 0
2019-07-10 17:25:28.852 (0x7ffdb4c738b0) Debug: Unknown property margin-button
2019-07-10 17:25:28.852 (0x7ffdb4c738b0) Debug: Unknown property margin-button
2019-07-10 17:25:28.852 (0x7ffdb4c738b0) Debug: Unknown property margin-button
2019-07-10 17:25:28.853 (0x7ffdb4c738b0) Debug: Unknown property margin-button
2019-07-10 17:25:28.853 (0x7ffdb4c738b0) Debug: Unknown property margin-button
2019-07-10 17:27:35.234 (0x7ffdb4c738b0) Debug: Desktop count changed from 2 to 4
2019-07-10 17:27:48.669 (0x7ffdb4c738b0) Warning: QXcbConnection: XCB error: 3 (BadWindow), sequence: 23394, resource id: 31457286, major code: 18 (ChangeProperty), minor code: 0
2019-07-10 17:28:41.182 (0x7ffdb4c738b0) Warning: QXcbConnection: XCB error: 3 (BadWindow), sequence: 28787, resource id: 23069971, major code: 18 (ChangeProperty), minor code: 0
2019-07-10 17:29:13.242 (0x7ffdb4c738b0) Warning: QXcbConnection: XCB error: 3 (BadWindow), sequence: 31915, resource id: 31457283, major code: 18 (ChangeProperty), minor code: 0
2019-07-10 17:29:59.512 (0x7ffdb4c738b0) Warning: QXcbConnection: XCB error: 3 (BadWindow), sequence: 34411, resource id: 23070562, major code: 18 (ChangeProperty), minor code: 0
2019-07-10 17:32:56.954 (0x7ffdb4c738b0) Warning: QXcbConnection: XCB error: 3 (BadWindow), sequence: 37696, resource id: 31457283, major code: 18 (ChangeProperty), minor code: 0
2019-07-10 17:32:56.955 (0x7ffdb4c738b0) Warning: QXcbConnection: XCB error: 3 (BadWindow), sequence: 37699, resource id: 31457283, major code: 18 (ChangeProperty), minor code: 0
2019-07-10 17:33:24.342 (0x7ffdb4c738b0) Warning: QXcbConnection: XCB error: 3 (BadWindow), sequence: 39998, resource id: 31457286, major code: 18 (ChangeProperty), minor code: 0
2019-07-10 17:35:04.755 (0x7ffdb4c738b0) Debug: Unknown property margin-button
2019-07-10 17:35:04.755 (0x7ffdb4c738b0) Debug: Unknown property margin-button
2019-07-10 17:35:04.755 (0x7ffdb4c738b0) Debug: Unknown property margin-button
